<?xml version="1.0" encoding="UTF-8"?>
<testng-results skipped="0" failed="0" total="4" passed="4">
  <reporter-output>
  </reporter-output>
  <suite name="com.LostFound.dao.ItemDaoTest" duration-ms="3614" started-at="2016-10-26T22:59:29Z" finished-at="2016-10-26T22:59:33Z">
    <groups>
    </groups>
    <test name="Command line test" duration-ms="3614" started-at="2016-10-26T22:59:29Z" finished-at="2016-10-26T22:59:33Z">
      <class name="com.LostFound.dao.ItemDaoTest">
        <test-method status="PASS" signature="springTestContextBeforeTestClass()[pri:0, instance:com.LostFound.dao.ItemDaoTest@29b4f422]" name="springTestContextBeforeTestClass" is-config="true" duration-ms="9" started-at="2016-10-27T00:59:29Z" finished-at="2016-10-27T00:59:29Z">
          <reporter-output>
          </reporter-output>
        </test-method> <!-- springTestContextBeforeTestClass -->
        <test-method status="PASS" signature="springTestContextPrepareTestInstance()[pri:0, instance:com.LostFound.dao.ItemDaoTest@29b4f422]" name="springTestContextPrepareTestInstance" is-config="true" duration-ms="3346" started-at="2016-10-27T00:59:29Z" depends-on-methods="org.springframework.test.context.testng.AbstractTestNGSpringContextTests.springTestContextBeforeTestClass" finished-at="2016-10-27T00:59:33Z">
          <reporter-output>
          </reporter-output>
        </test-method> <!-- springTestContextPrepareTestInstance -->
        <test-method status="PASS" signature="springTestContextBeforeTestMethod(java.lang.reflect.Method)[pri:0, instance:com.LostFound.dao.ItemDaoTest@29b4f422]" name="springTestContextBeforeTestMethod" is-config="true" duration-ms="1" started-at="2016-10-27T00:59:33Z" finished-at="2016-10-27T00:59:33Z">
          <params>
            <param index="0">
              <value>
                <![CDATA[public void com.LostFound.dao.ItemDaoTest.create()]]>
              </value>
            </param>
          </params>
          <reporter-output>
          </reporter-output>
        </test-method> <!-- springTestContextBeforeTestMethod -->
        <test-method status="PASS" signature="create()[pri:0, instance:com.LostFound.dao.ItemDaoTest@29b4f422]" name="create" duration-ms="182" started-at="2016-10-27T00:59:33Z" finished-at="2016-10-27T00:59:33Z">
          <reporter-output>
          </reporter-output>
        </test-method> <!-- create -->
        <test-method status="PASS" signature="springTestContextAfterTestMethod(java.lang.reflect.Method)[pri:0, instance:com.LostFound.dao.ItemDaoTest@29b4f422]" name="springTestContextAfterTestMethod" is-config="true" duration-ms="0" started-at="2016-10-27T00:59:33Z" finished-at="2016-10-27T00:59:33Z">
          <params>
            <param index="0">
              <value>
                <![CDATA[public void com.LostFound.dao.ItemDaoTest.create()]]>
              </value>
            </param>
          </params>
          <reporter-output>
          </reporter-output>
        </test-method> <!-- springTestContextAfterTestMethod -->
        <test-method status="PASS" signature="springTestContextBeforeTestMethod(java.lang.reflect.Method)[pri:0, instance:com.LostFound.dao.ItemDaoTest@29b4f422]" name="springTestContextBeforeTestMethod" is-config="true" duration-ms="0" started-at="2016-10-27T00:59:33Z" finished-at="2016-10-27T00:59:33Z">
          <params>
            <param index="0">
              <value>
                <![CDATA[public void com.LostFound.dao.ItemDaoTest.delete()]]>
              </value>
            </param>
          </params>
          <reporter-output>
          </reporter-output>
        </test-method> <!-- springTestContextBeforeTestMethod -->
        <test-method status="PASS" signature="delete()[pri:0, instance:com.LostFound.dao.ItemDaoTest@29b4f422]" name="delete" duration-ms="29" started-at="2016-10-27T00:59:33Z" finished-at="2016-10-27T00:59:33Z">
          <reporter-output>
          </reporter-output>
        </test-method> <!-- delete -->
        <test-method status="PASS" signature="springTestContextAfterTestMethod(java.lang.reflect.Method)[pri:0, instance:com.LostFound.dao.ItemDaoTest@29b4f422]" name="springTestContextAfterTestMethod" is-config="true" duration-ms="0" started-at="2016-10-27T00:59:33Z" finished-at="2016-10-27T00:59:33Z">
          <params>
            <param index="0">
              <value>
                <![CDATA[public void com.LostFound.dao.ItemDaoTest.delete()]]>
              </value>
            </param>
          </params>
          <reporter-output>
          </reporter-output>
        </test-method> <!-- springTestContextAfterTestMethod -->
        <test-method status="PASS" signature="findById()[pri:0, instance:com.LostFound.dao.ItemDaoTest@29b4f422]" name="findById" duration-ms="7" started-at="2016-10-27T00:59:33Z" finished-at="2016-10-27T00:59:33Z">
          <reporter-output>
          </reporter-output>
        </test-method> <!-- findById -->
        <test-method status="PASS" signature="springTestContextBeforeTestMethod(java.lang.reflect.Method)[pri:0, instance:com.LostFound.dao.ItemDaoTest@29b4f422]" name="springTestContextBeforeTestMethod" is-config="true" duration-ms="0" started-at="2016-10-27T00:59:33Z" finished-at="2016-10-27T00:59:33Z">
          <params>
            <param index="0">
              <value>
                <![CDATA[public void com.LostFound.dao.ItemDaoTest.findById()]]>
              </value>
            </param>
          </params>
          <reporter-output>
          </reporter-output>
        </test-method> <!-- springTestContextBeforeTestMethod -->
        <test-method status="PASS" signature="springTestContextAfterTestMethod(java.lang.reflect.Method)[pri:0, instance:com.LostFound.dao.ItemDaoTest@29b4f422]" name="springTestContextAfterTestMethod" is-config="true" duration-ms="0" started-at="2016-10-27T00:59:33Z" finished-at="2016-10-27T00:59:33Z">
          <params>
            <param index="0">
              <value>
                <![CDATA[public void com.LostFound.dao.ItemDaoTest.findById()]]>
              </value>
            </param>
          </params>
          <reporter-output>
          </reporter-output>
        </test-method> <!-- springTestContextAfterTestMethod -->
        <test-method status="PASS" signature="springTestContextBeforeTestMethod(java.lang.reflect.Method)[pri:0, instance:com.LostFound.dao.ItemDaoTest@29b4f422]" name="springTestContextBeforeTestMethod" is-config="true" duration-ms="0" started-at="2016-10-27T00:59:33Z" finished-at="2016-10-27T00:59:33Z">
          <params>
            <param index="0">
              <value>
                <![CDATA[public void com.LostFound.dao.ItemDaoTest.update()]]>
              </value>
            </param>
          </params>
          <reporter-output>
          </reporter-output>
        </test-method> <!-- springTestContextBeforeTestMethod -->
        <test-method status="PASS" signature="update()[pri:0, instance:com.LostFound.dao.ItemDaoTest@29b4f422]" name="update" duration-ms="22" started-at="2016-10-27T00:59:33Z" finished-at="2016-10-27T00:59:33Z">
          <reporter-output>
          </reporter-output>
        </test-method> <!-- update -->
        <test-method status="PASS" signature="springTestContextAfterTestMethod(java.lang.reflect.Method)[pri:0, instance:com.LostFound.dao.ItemDaoTest@29b4f422]" name="springTestContextAfterTestMethod" is-config="true" duration-ms="0" started-at="2016-10-27T00:59:33Z" finished-at="2016-10-27T00:59:33Z">
          <params>
            <param index="0">
              <value>
                <![CDATA[public void com.LostFound.dao.ItemDaoTest.update()]]>
              </value>
            </param>
          </params>
          <reporter-output>
          </reporter-output>
        </test-method> <!-- springTestContextAfterTestMethod -->
        <test-method status="PASS" signature="springTestContextAfterTestClass()[pri:0, instance:com.LostFound.dao.ItemDaoTest@29b4f422]" name="springTestContextAfterTestClass" is-config="true" duration-ms="0" started-at="2016-10-27T00:59:33Z" finished-at="2016-10-27T00:59:33Z">
          <reporter-output>
          </reporter-output>
        </test-method> <!-- springTestContextAfterTestClass -->
      </class> <!-- com.LostFound.dao.ItemDaoTest -->
    </test> <!-- Command line test -->
  </suite> <!-- com.LostFound.dao.ItemDaoTest -->
</testng-results>
