<?xml version="1.0" encoding="UTF-8" ?>
<testsuite failures="0" time="0.243" errors="0" skipped="0" tests="4" name="com.LostFound.dao.ItemDaoTest">
  <properties>
[...]
</properties>
  <testcase time="0.184" classname="com.LostFound.dao.ItemDaoTest" name="create"/>
  <testcase time="0.028" classname="com.LostFound.dao.ItemDaoTest" name="delete"/>
  <testcase time="0.008" classname="com.LostFound.dao.ItemDaoTest" name="findById"/>
  <testcase time="0.023" classname="com.LostFound.dao.ItemDaoTest" name="update"/>
</testsuite>